<?xml version="1.0" encoding="UTF-8"?>
<testng-results skipped="0" failed="0" ignored="0" total="1" passed="1">
  <reporter-output>
  </reporter-output>
  <suite name="Default suite" duration-ms="44479" started-at="2020-04-27T13:54:46Z" finished-at="2020-04-27T13:55:30Z">
    <groups>
    </groups>
    <test name="Default test" duration-ms="44479" started-at="2020-04-27T13:54:46Z" finished-at="2020-04-27T13:55:30Z">
      <class name="tests.ScrollTest">
        <test-method status="PASS" signature="beforeTest()[pri:0, instance:tests.ScrollTest@6f1fba17]" name="beforeTest" is-config="true" duration-ms="29804" started-at="2020-04-27T16:54:46Z" finished-at="2020-04-27T16:55:16Z">
          <reporter-output>
          </reporter-output>
        </test-method> <!-- beforeTest -->
        <test-method status="PASS" signature="scrollingTest()[pri:0, instance:tests.ScrollTest@6f1fba17]" name="scrollingTest" duration-ms="14660" started-at="2020-04-27T16:55:16Z" finished-at="2020-04-27T16:55:30Z">
          <reporter-output>
          </reporter-output>
        </test-method> <!-- scrollingTest -->
      </class> <!-- tests.ScrollTest -->
    </test> <!-- Default test -->
  </suite> <!-- Default suite -->
</testng-results>
